Exception: 
----Thành Công----
Vào lúc: 15:31:59
Thời gian thực hiện: 0.50114393234253 giây
 in C:\wamp64\www\JobDnict\php_project\app\Utils\requestAPI.php:68
Stack trace:
#0 C:\wamp64\www\JobDnict\php_project\app\Utils\requestAPI.php(35): RequestAPI->processErrorLog('C:\\wamp64\\www\\J...', 'eyJ0eXAiOiJKV1Q...', 1688286718.6088)
#1 C:\wamp64\www\JobDnict\php_project\app\Modules\login\Models\loginDB.php(113): RequestAPI->checkAPI('eyJ0eXAiOiJKV1Q...', 1688286718.6088)
#2 C:\wamp64\www\JobDnict\php_project\app\Modules\login\Models\loginDB.php(147): LoginDB::getResponse('trungtamso_admi...', 'Abc@1234')
#3 C:\wamp64\www\JobDnict\php_project\app\Modules\login\Controllers\login.php(32): LoginDB::loginWithApi('trungtamso_admi...', 'Abc@1234')
#4 C:\wamp64\www\JobDnict\php_project\app\Modules\login\Controllers\login.php(13): Login->login()
#5 C:\wamp64\www\JobDnict\php_project\app\Core\Router.php(85): Login->__construct()
#6 C:\wamp64\www\JobDnict\php_project\app\index.php(6): Router->run()
#7 {main}Exception: 
----Thành Công----
Vào lúc: 07:57:18
Thời gian thực hiện: 0.40493988990784 giây
 in C:\wamp64\www\JobDnict\php_project\app\Utils\requestAPI.php:68
Stack trace:
#0 C:\wamp64\www\JobDnict\php_project\app\Utils\requestAPI.php(35): RequestAPI->processErrorLog('C:\\wamp64\\www\\J...', 'eyJ0eXAiOiJKV1Q...', 1688345838.5707)
#1 C:\wamp64\www\JobDnict\php_project\app\Modules\login\Models\loginDB.php(113): RequestAPI->checkAPI('eyJ0eXAiOiJKV1Q...', 1688345838.5707)
#2 C:\wamp64\www\JobDnict\php_project\app\Modules\login\Models\loginDB.php(147): LoginDB::getResponse('trungtamso_admi...', 'Abc@1234')
#3 C:\wamp64\www\JobDnict\php_project\app\Modules\login\Controllers\login.php(32): LoginDB::loginWithApi('trungtamso_admi...', 'Abc@1234')
#4 C:\wamp64\www\JobDnict\php_project\app\Modules\login\Controllers\login.php(13): Login->login()
#5 C:\wamp64\www\JobDnict\php_project\app\Core\Router.php(85): Login->__construct()
#6 C:\wamp64\www\JobDnict\php_project\app\index.php(6): Router->run()
#7 {main}Exception: 
----False----
Vào lúc: 15:18:04
Thời gian thực hiện: 0.38985800743103 giây
Vui lòng kiểm tra lại username và password
 in C:\wamp64\www\JobDnict\php_project\app\Utils\requestAPI.php:76
Stack trace:
#0 C:\wamp64\www\JobDnict\php_project\app\Utils\requestAPI.php(35): RequestAPI->processErrorLog('C:\\wamp64\\www\\J...', '', 1688372283.7727)
#1 C:\wamp64\www\JobDnict\php_project\app\Modules\login\Models\loginDB.php(113): RequestAPI->checkAPI('', 1688372283.7727)
#2 C:\wamp64\www\JobDnict\php_project\app\Modules\login\Models\loginDB.php(130): LoginDB::getResponse('trungtamso_admi...', 'Abc@1234')
#3 C:\wamp64\www\JobDnict\php_project\app\Modules\login\Controllers\login.php(32): LoginDB::loginWithApi('trungtamso_admi...', 'Abc@1234')
#4 C:\wamp64\www\JobDnict\php_project\app\Modules\login\Controllers\login.php(13): Login->login()
#5 C:\wamp64\www\JobDnict\php_project\app\Core\Router.php(85): Login->__construct()
#6 C:\wamp64\www\JobDnict\php_project\app\index.php(6): Router->run()
#7 {main}Exception: 
----Thành Công----
Vào lúc: 21:27:35
Thời gian thực hiện: 0.46495604515076 giây
 in C:\wamp64\www\JobDnict\php_project\app\Utils\requestAPI.php:68
Stack trace:
#0 C:\wamp64\www\JobDnict\php_project\app\Utils\requestAPI.php(35): RequestAPI->processErrorLog('C:\\wamp64\\www\\J...', 'eyJ0eXAiOiJKV1Q...', 1688394455.2798)
#1 C:\wamp64\www\JobDnict\php_project\app\Modules\login\Models\loginDB.php(113): RequestAPI->checkAPI('eyJ0eXAiOiJKV1Q...', 1688394455.2798)
#2 C:\wamp64\www\JobDnict\php_project\app\Modules\login\Models\loginDB.php(147): LoginDB::getResponse('trungtamso_admi...', 'Abc@1234')
#3 C:\wamp64\www\JobDnict\php_project\app\Modules\login\Controllers\login.php(32): LoginDB::loginWithApi('trungtamso_admi...', 'Abc@1234')
#4 C:\wamp64\www\JobDnict\php_project\app\Modules\login\Controllers\login.php(13): Login->login()
#5 C:\wamp64\www\JobDnict\php_project\app\Core\Router.php(85): Login->__construct()
#6 C:\wamp64\www\JobDnict\php_project\app\index.php(6): Router->run()
#7 {main}Exception: 
----Thành Công----
Vào lúc: 07:53:04
Thời gian thực hiện: 17.553865909576 giây
 in C:\wamp64\www\JobDnict\php_project\app\Utils\requestAPI.php:68
Stack trace:
#0 C:\wamp64\www\JobDnict\php_project\app\Utils\requestAPI.php(35): RequestAPI->processErrorLog('C:\\wamp64\\www\\J...', 'eyJ0eXAiOiJKV1Q...', 1688431966.5357)
#1 C:\wamp64\www\JobDnict\php_project\app\Modules\login\Models\loginDB.php(113): RequestAPI->checkAPI('eyJ0eXAiOiJKV1Q...', 1688431966.5357)
#2 C:\wamp64\www\JobDnict\php_project\app\Modules\login\Models\loginDB.php(147): LoginDB::getResponse('trungtamso_admi...', 'Abc@1234')
#3 C:\wamp64\www\JobDnict\php_project\app\Modules\login\Controllers\login.php(32): LoginDB::loginWithApi('trungtamso_admi...', 'Abc@1234')
#4 C:\wamp64\www\JobDnict\php_project\app\Modules\login\Controllers\login.php(13): Login->login()
#5 C:\wamp64\www\JobDnict\php_project\app\Core\Router.php(85): Login->__construct()
#6 C:\wamp64\www\JobDnict\php_project\app\index.php(6): Router->run()
#7 {main}Exception: 
----Thành Công----
Vào lúc: 11:35:23
Thời gian thực hiện: 0.46688508987427 giây
 in C:\wamp64\www\JobDnict\php_project\app\Utils\requestAPI.php:68
Stack trace:
#0 C:\wamp64\www\JobDnict\php_project\app\Utils\requestAPI.php(35): RequestAPI->processErrorLog('C:\\wamp64\\www\\J...', 'eyJ0eXAiOiJKV1Q...', 1688445323.503)
#1 C:\wamp64\www\JobDnict\php_project\app\Modules\login\Models\loginDB.php(113): RequestAPI->checkAPI('eyJ0eXAiOiJKV1Q...', 1688445323.503)
#2 C:\wamp64\www\JobDnict\php_project\app\Modules\login\Models\loginDB.php(147): LoginDB::getResponse('trungtamso_admi...', 'Abc@1234')
#3 C:\wamp64\www\JobDnict\php_project\app\Modules\login\Controllers\login.php(32): LoginDB::loginWithApi('trungtamso_admi...', 'Abc@1234')
#4 C:\wamp64\www\JobDnict\php_project\app\Modules\login\Controllers\login.php(13): Login->login()
#5 C:\wamp64\www\JobDnict\php_project\app\Core\Router.php(85): Login->__construct()
#6 C:\wamp64\www\JobDnict\php_project\app\index.php(6): Router->run()
#7 {main}Exception: 
----Thành Công----
Vào lúc: 11:35:56
Thời gian thực hiện: 0.52951812744141 giây
 in C:\wamp64\www\JobDnict\php_project\app\Utils\requestAPI.php:68
Stack trace:
#0 C:\wamp64\www\JobDnict\php_project\app\Utils\requestAPI.php(35): RequestAPI->processErrorLog('C:\\wamp64\\www\\J...', 'eyJ0eXAiOiJKV1Q...', 1688445355.8678)
#1 C:\wamp64\www\JobDnict\php_project\app\Modules\login\Models\loginDB.php(113): RequestAPI->checkAPI('eyJ0eXAiOiJKV1Q...', 1688445355.8678)
#2 C:\wamp64\www\JobDnict\php_project\app\Modules\login\Models\loginDB.php(146): LoginDB::getResponse('trungtamso_admi...', 'Abc@1234')
#3 C:\wamp64\www\JobDnict\php_project\app\Modules\login\Controllers\login.php(32): LoginDB::loginWithApi('trungtamso_admi...', 'Abc@1234')
#4 C:\wamp64\www\JobDnict\php_project\app\Modules\login\Controllers\login.php(13): Login->login()
#5 C:\wamp64\www\JobDnict\php_project\app\Core\Router.php(85): Login->__construct()
#6 C:\wamp64\www\JobDnict\php_project\app\index.php(6): Router->run()
#7 {main}Exception: 
----Thành Công----
Vào lúc: 11:36:06
Thời gian thực hiện: 0.45667505264282 giây
 in C:\wamp64\www\JobDnict\php_project\app\Utils\requestAPI.php:68
Stack trace:
#0 C:\wamp64\www\JobDnict\php_project\app\Utils\requestAPI.php(35): RequestAPI->processErrorLog('C:\\wamp64\\www\\J...', 'eyJ0eXAiOiJKV1Q...', 1688445365.7374)
#1 C:\wamp64\www\JobDnict\php_project\app\Modules\login\Models\loginDB.php(113): RequestAPI->checkAPI('eyJ0eXAiOiJKV1Q...', 1688445365.7374)
#2 C:\wamp64\www\JobDnict\php_project\app\Modules\login\Models\loginDB.php(147): LoginDB::getResponse('trungtamso_admi...', 'Abc@1234')
#3 C:\wamp64\www\JobDnict\php_project\app\Modules\login\Controllers\login.php(32): LoginDB::loginWithApi('trungtamso_admi...', 'Abc@1234')
#4 C:\wamp64\www\JobDnict\php_project\app\Modules\login\Controllers\login.php(13): Login->login()
#5 C:\wamp64\www\JobDnict\php_project\app\Core\Router.php(85): Login->__construct()
#6 C:\wamp64\www\JobDnict\php_project\app\index.php(6): Router->run()
#7 {main}Exception: 
----Thành Công----
Vào lúc: 11:36:34
Thời gian thực hiện: 0.51835298538208 giây
 in C:\wamp64\www\JobDnict\php_project\app\Utils\requestAPI.php:68
Stack trace:
#0 C:\wamp64\www\JobDnict\php_project\app\Utils\requestAPI.php(35): RequestAPI->processErrorLog('C:\\wamp64\\www\\J...', 'eyJ0eXAiOiJKV1Q...', 1688445394.0582)
#1 C:\wamp64\www\JobDnict\php_project\app\Modules\login\Models\loginDB.php(113): RequestAPI->checkAPI('eyJ0eXAiOiJKV1Q...', 1688445394.0582)
#2 C:\wamp64\www\JobDnict\php_project\app\Modules\login\Models\loginDB.php(147): LoginDB::getResponse('trungtamso_admi...', 'Abc@1234')
#3 C:\wamp64\www\JobDnict\php_project\app\Modules\login\Controllers\login.php(32): LoginDB::loginWithApi('trungtamso_admi...', 'Abc@1234')
#4 C:\wamp64\www\JobDnict\php_project\app\Modules\login\Controllers\login.php(13): Login->login()
#5 C:\wamp64\www\JobDnict\php_project\app\Core\Router.php(85): Login->__construct()
#6 C:\wamp64\www\JobDnict\php_project\app\index.php(6): Router->run()
#7 {main}Exception: 
----Thành Công----
Vào lúc: 11:48:01
Thời gian thực hiện: 0.47352504730225 giây
 in C:\wamp64\www\JobDnict\php_project\app\Utils\requestAPI.php:68
Stack trace:
#0 C:\wamp64\www\JobDnict\php_project\app\Utils\requestAPI.php(35): RequestAPI->processErrorLog('C:\\wamp64\\www\\J...', 'eyJ0eXAiOiJKV1Q...', 1688446080.6915)
#1 C:\wamp64\www\JobDnict\php_project\app\Modules\login\Models\loginDB.php(113): RequestAPI->checkAPI('eyJ0eXAiOiJKV1Q...', 1688446080.6915)
#2 C:\wamp64\www\JobDnict\php_project\app\Modules\login\Models\loginDB.php(147): LoginDB::getResponse('trungtamso_admi...', 'Abc@1234')
#3 C:\wamp64\www\JobDnict\php_project\app\Modules\login\Controllers\login.php(32): LoginDB::loginWithApi('trungtamso_admi...', 'Abc@1234')
#4 C:\wamp64\www\JobDnict\php_project\app\Modules\login\Controllers\login.php(13): Login->login()
#5 C:\wamp64\www\JobDnict\php_project\app\Core\Router.php(85): Login->__construct()
#6 C:\wamp64\www\JobDnict\php_project\app\index.php(6): Router->run()
#7 {main}Exception: 
----Thành Công----
Vào lúc: 13:50:29
Thời gian thực hiện: 0.53771090507507 giây
 in C:\wamp64\www\JobDnict\php_project\app\Utils\requestAPI.php:68
Stack trace:
#0 C:\wamp64\www\JobDnict\php_project\app\Utils\requestAPI.php(35): RequestAPI->processErrorLog('C:\\wamp64\\www\\J...', 'eyJ0eXAiOiJKV1Q...', 1688453428.655)
#1 C:\wamp64\www\JobDnict\php_project\app\Modules\login\Models\loginDB.php(113): RequestAPI->checkAPI('eyJ0eXAiOiJKV1Q...', 1688453428.655)
#2 C:\wamp64\www\JobDnict\php_project\app\Modules\login\Models\loginDB.php(147): LoginDB::getResponse('trungtamso_admi...', 'Abc@1234')
#3 C:\wamp64\www\JobDnict\php_project\app\Modules\login\Controllers\login.php(32): LoginDB::loginWithApi('trungtamso_admi...', 'Abc@1234')
#4 C:\wamp64\www\JobDnict\php_project\app\Modules\login\Controllers\login.php(13): Login->login()
#5 C:\wamp64\www\JobDnict\php_project\app\Core\Router.php(85): Login->__construct()
#6 C:\wamp64\www\JobDnict\php_project\app\index.php(6): Router->run()
#7 {main}Exception: 
----Thành Công----
Vào lúc: 13:50:58
Thời gian thực hiện: 0.59895396232605 giây
 in C:\wamp64\www\JobDnict\php_project\app\Utils\requestAPI.php:68
Stack trace:
#0 C:\wamp64\www\JobDnict\php_project\app\Utils\requestAPI.php(35): RequestAPI->processErrorLog('C:\\wamp64\\www\\J...', 'eyJ0eXAiOiJKV1Q...', 1688453457.6911)
#1 C:\wamp64\www\JobDnict\php_project\app\Modules\login\Models\loginDB.php(113): RequestAPI->checkAPI('eyJ0eXAiOiJKV1Q...', 1688453457.6911)
#2 C:\wamp64\www\JobDnict\php_project\app\Modules\login\Models\loginDB.php(147): LoginDB::getResponse('trungtamso_admi...', 'Abc@1234')
#3 C:\wamp64\www\JobDnict\php_project\app\Modules\login\Controllers\login.php(32): LoginDB::loginWithApi('trungtamso_admi...', 'Abc@1234')
#4 C:\wamp64\www\JobDnict\php_project\app\Modules\login\Controllers\login.php(13): Login->login()
#5 C:\wamp64\www\JobDnict\php_project\app\Core\Router.php(85): Login->__construct()
#6 C:\wamp64\www\JobDnict\php_project\app\index.php(6): Router->run()
#7 {main}